# project ns (3.29) configured on Fri Mar 22 11:00:16 2019 by
# waf 2.0.9 (abi 20, python 2070cf0 on linux2)
# using ./waf configure --build-profile=optimized --out=build/optimized --with-pybindgen=/home/bill/Desktop/workspace/ns-allinone-3.24/pybindgen-0.17.0.post41+ngd10fa60 --enable-mpi --enable-static
#
----------------------------------------
Setting top to
/home/pfoytik/Documents/Blockchain/simulation/ns-allinone-3.29/ns-3.29
----------------------------------------
Setting out to
/home/pfoytik/Documents/Blockchain/simulation/ns-allinone-3.29/ns-3.29/build/optimized
----------------------------------------
Checking for 'gcc' (C compiler)
find program=['gcc', 'cc'] paths=['/home/pfoytik/.nvm/versions/node/v8.1.3/bin', '/home/pfoytik/bin', '/home/pfoytik/.local/bin', '/usr/local/sbin', '/usr/local/bin', '/usr/sbin', '/usr/bin', '/sbin', '/bin', '/usr/games', '/usr/local/games', '/usr/local/go/bin', '/snap/bin'] var='CC' -> ['/usr/bin/gcc']
['/usr/bin/gcc', '-dM', '-E', '-']
out: #define __SSP_STRONG__ 3
#define __DBL_MIN_EXP__ (-1021)
#define __UINT_LEAST16_MAX__ 0xffff
#define __ATOMIC_ACQUIRE 2
#define __FLT_MIN__ 1.17549435082228750797e-38F
#define __GCC_IEC_559_COMPLEX 2
#define __UINT_LEAST8_TYPE__ unsigned char
#define __SIZEOF_FLOAT80__ 16
#define __INTMAX_C(c) c ## L
#define __CHAR_BIT__ 8
#define __UINT8_MAX__ 0xff
#define __WINT_MAX__ 0xffffffffU
#define __ORDER_LITTLE_ENDIAN__ 1234
#define __SIZE_MAX__ 0xffffffffffffffffUL
#define __WCHAR_MAX__ 0x7fffffff
#define __GCC_HAVE_SYNC_COMPARE_AND_SWAP_1 1
#define __GCC_HAVE_SYNC_COMPARE_AND_SWAP_2 1
#define __GCC_HAVE_SYNC_COMPARE_AND_SWAP_4 1
#define __DBL_DENORM_MIN__ ((double)4.94065645841246544177e-324L)
#define __GCC_HAVE_SYNC_COMPARE_AND_SWAP_8 1
#define __GCC_ATOMIC_CHAR_LOCK_FREE 2
#define __GCC_IEC_559 2
#define __FLT_EVAL_METHOD__ 0
#define __unix__ 1
#define __GCC_ATOMIC_CHAR32_T_LOCK_FREE 2
#define __x86_64 1
#define __UINT_FAST64_MAX__ 0xffffffffffffffffUL
#define __SIG_ATOMIC_TYPE__ int
#define __DBL_MIN_10_EXP__ (-307)
#define __FINITE_MATH_ONLY__ 0
#define __GNUC_PATCHLEVEL__ 0
#define __UINT_FAST8_MAX__ 0xff
#define __has_include(STR) __has_include__(STR)
#define __DEC64_MAX_EXP__ 385
#define __INT8_C(c) c
#define __UINT_LEAST64_MAX__ 0xffffffffffffffffUL
#define __SHRT_MAX__ 0x7fff
#define __LDBL_MAX__ 1.18973149535723176502e+4932L
#define __UINT_LEAST8_MAX__ 0xff
#define __GCC_ATOMIC_BOOL_LOCK_FREE 2
#define __UINTMAX_TYPE__ long unsigned int
#define __linux 1
#define __DEC32_EPSILON__ 1E-6DF
#define __unix 1
#define __UINT32_MAX__ 0xffffffffU
#define __LDBL_MAX_EXP__ 16384
#define __WINT_MIN__ 0U
#define __linux__ 1
#define __SCHAR_MAX__ 0x7f
#define __WCHAR_MIN__ (-__WCHAR_MAX__ - 1)
#define __INT64_C(c) c ## L
#define __DBL_DIG__ 15
#define __GCC_ATOMIC_POINTER_LOCK_FREE 2
#define __SIZEOF_INT__ 4
#define __SIZEOF_POINTER__ 8
#define __USER_LABEL_PREFIX__ 
#define __STDC_HOSTED__ 1
#define __LDBL_HAS_INFINITY__ 1
#define __FLT_EPSILON__ 1.19209289550781250000e-7F
#define __LDBL_MIN__ 3.36210314311209350626e-4932L
#define __STDC_UTF_16__ 1
#define __DEC32_MAX__ 9.999999E96DF
#define __INT32_MAX__ 0x7fffffff
#define __SIZEOF_LONG__ 8
#define __STDC_IEC_559__ 1
#define __STDC_ISO_10646__ 201505L
#define __UINT16_C(c) c
#define __DECIMAL_DIG__ 21
#define __gnu_linux__ 1
#define __has_include_next(STR) __has_include_next__(STR)
#define __LDBL_HAS_QUIET_NAN__ 1
#define __GNUC__ 5
#define __MMX__ 1
#define __FLT_HAS_DENORM__ 1
#define __SIZEOF_LONG_DOUBLE__ 16
#define __BIGGEST_ALIGNMENT__ 16
#define __DBL_MAX__ ((double)1.79769313486231570815e+308L)
#define __INT_FAST32_MAX__ 0x7fffffffffffffffL
#define __DBL_HAS_INFINITY__ 1
#define __DEC32_MIN_EXP__ (-94)
#define __INT_FAST16_TYPE__ long int
#define __LDBL_HAS_DENORM__ 1
#define __DEC128_MAX__ 9.999999999999999999999999999999999E6144DL
#define __INT_LEAST32_MAX__ 0x7fffffff
#define __DEC32_MIN__ 1E-95DF
#define __DBL_MAX_EXP__ 1024
#define __DEC128_EPSILON__ 1E-33DL
#define __SSE2_MATH__ 1
#define __ATOMIC_HLE_RELEASE 131072
#define __PTRDIFF_MAX__ 0x7fffffffffffffffL
#define __amd64 1
#define __STDC_NO_THREADS__ 1
#define __ATOMIC_HLE_ACQUIRE 65536
#define __LONG_LONG_MAX__ 0x7fffffffffffffffLL
#define __SIZEOF_SIZE_T__ 8
#define __SIZEOF_WINT_T__ 4
#define __GCC_HAVE_DWARF2_CFI_ASM 1
#define __GXX_ABI_VERSION 1009
#define __FLT_MIN_EXP__ (-125)
#define __INT_FAST64_TYPE__ long int
#define __DBL_MIN__ ((double)2.22507385850720138309e-308L)
#define __LP64__ 1
#define __DECIMAL_BID_FORMAT__ 1
#define __DEC128_MIN__ 1E-6143DL
#define __REGISTER_PREFIX__ 
#define __UINT16_MAX__ 0xffff
#define __DBL_HAS_DENORM__ 1
#define __UINT8_TYPE__ unsigned char
#define __NO_INLINE__ 1
#define __FLT_MANT_DIG__ 24
#define __VERSION__ "5.4.0 20160609"
#define __UINT64_C(c) c ## UL
#define _STDC_PREDEF_H 1
#define __GCC_ATOMIC_INT_LOCK_FREE 2
#define __FLOAT_WORD_ORDER__ __ORDER_LITTLE_ENDIAN__
#define __STDC_IEC_559_COMPLEX__ 1
#define __INT32_C(c) c
#define __DEC64_EPSILON__ 1E-15DD
#define __ORDER_PDP_ENDIAN__ 3412
#define __DEC128_MIN_EXP__ (-6142)
#define __INT_FAST32_TYPE__ long int
#define __UINT_LEAST16_TYPE__ short unsigned int
#define unix 1
#define __INT16_MAX__ 0x7fff
#define __SIZE_TYPE__ long unsigned int
#define __UINT64_MAX__ 0xffffffffffffffffUL
#define __INT8_TYPE__ signed char
#define __ELF__ 1
#define __FLT_RADIX__ 2
#define __INT_LEAST16_TYPE__ short int
#define __LDBL_EPSILON__ 1.08420217248550443401e-19L
#define __UINTMAX_C(c) c ## UL
#define __SSE_MATH__ 1
#define __k8 1
#define __SIG_ATOMIC_MAX__ 0x7fffffff
#define __GCC_ATOMIC_WCHAR_T_LOCK_FREE 2
#define __SIZEOF_PTRDIFF_T__ 8
#define __x86_64__ 1
#define __DEC32_SUBNORMAL_MIN__ 0.000001E-95DF
#define __INT_FAST16_MAX__ 0x7fffffffffffffffL
#define __UINT_FAST32_MAX__ 0xffffffffffffffffUL
#define __UINT_LEAST64_TYPE__ long unsigned int
#define __FLT_HAS_QUIET_NAN__ 1
#define __FLT_MAX_10_EXP__ 38
#define __LONG_MAX__ 0x7fffffffffffffffL
#define __DEC128_SUBNORMAL_MIN__ 0.000000000000000000000000000000001E-6143DL
#define __FLT_HAS_INFINITY__ 1
#define __UINT_FAST16_TYPE__ long unsigned int
#define __DEC64_MAX__ 9.999999999999999E384DD
#define __CHAR16_TYPE__ short unsigned int
#define __PRAGMA_REDEFINE_EXTNAME 1
#define __INT_LEAST16_MAX__ 0x7fff
#define __DEC64_MANT_DIG__ 16
#define __INT64_MAX__ 0x7fffffffffffffffL
#define __UINT_LEAST32_MAX__ 0xffffffffU
#define __GCC_ATOMIC_LONG_LOCK_FREE 2
#define __INT_LEAST64_TYPE__ long int
#define __INT16_TYPE__ short int
#define __INT_LEAST8_TYPE__ signed char
#define __STDC_VERSION__ 201112L
#define __DEC32_MAX_EXP__ 97
#define __INT_FAST8_MAX__ 0x7f
#define __INTPTR_MAX__ 0x7fffffffffffffffL
#define linux 1
#define __SSE2__ 1
#define __LDBL_MANT_DIG__ 64
#define __DBL_HAS_QUIET_NAN__ 1
#define __SIG_ATOMIC_MIN__ (-__SIG_ATOMIC_MAX__ - 1)
#define __code_model_small__ 1
#define __k8__ 1
#define __INTPTR_TYPE__ long int
#define __UINT16_TYPE__ short unsigned int
#define __WCHAR_TYPE__ int
#define __SIZEOF_FLOAT__ 4
#define __UINTPTR_MAX__ 0xffffffffffffffffUL
#define __DEC64_MIN_EXP__ (-382)
#define __INT_FAST64_MAX__ 0x7fffffffffffffffL
#define __GCC_ATOMIC_TEST_AND_SET_TRUEVAL 1
#define __FLT_DIG__ 6
#define __UINT_FAST64_TYPE__ long unsigned int
#define __INT_MAX__ 0x7fffffff
#define __amd64__ 1
#define __INT64_TYPE__ long int
#define __FLT_MAX_EXP__ 128
#define __ORDER_BIG_ENDIAN__ 4321
#define __DBL_MANT_DIG__ 53
#define __SIZEOF_FLOAT128__ 16
#define __INT_LEAST64_MAX__ 0x7fffffffffffffffL
#define __GCC_ATOMIC_CHAR16_T_LOCK_FREE 2
#define __DEC64_MIN__ 1E-383DD
#define __WINT_TYPE__ unsigned int
#define __UINT_LEAST32_TYPE__ unsigned int
#define __SIZEOF_SHORT__ 2
#define __SSE__ 1
#define __LDBL_MIN_EXP__ (-16381)
#define __INT_LEAST8_MAX__ 0x7f
#define __SIZEOF_INT128__ 16
#define __LDBL_MAX_10_EXP__ 4932
#define __ATOMIC_RELAXED 0
#define __DBL_EPSILON__ ((double)2.22044604925031308085e-16L)
#define _LP64 1
#define __UINT8_C(c) c
#define __INT_LEAST32_TYPE__ int
#define __SIZEOF_WCHAR_T__ 4
#define __UINT64_TYPE__ long unsigned int
#define __INT_FAST8_TYPE__ signed char
#define __GNUC_STDC_INLINE__ 1
#define __DBL_DECIMAL_DIG__ 17
#define __STDC_UTF_32__ 1
#define __FXSR__ 1
#define __DEC_EVAL_METHOD__ 2
#define __UINT32_C(c) c ## U
#define __INTMAX_MAX__ 0x7fffffffffffffffL
#define __BYTE_ORDER__ __ORDER_LITTLE_ENDIAN__
#define __FLT_DENORM_MIN__ 1.40129846432481707092e-45F
#define __INT8_MAX__ 0x7f
#define __UINT_FAST32_TYPE__ long unsigned int
#define __CHAR32_TYPE__ unsigned int
#define __FLT_MAX__ 3.40282346638528859812e+38F
#define __INT32_TYPE__ int
#define __SIZEOF_DOUBLE__ 8
#define __FLT_MIN_10_EXP__ (-37)
#define __INTMAX_TYPE__ long int
#define __DEC128_MAX_EXP__ 6145
#define __ATOMIC_CONSUME 1
#define __GNUC_MINOR__ 4
#define __UINTMAX_MAX__ 0xffffffffffffffffUL
#define __DEC32_MANT_DIG__ 7
#define __DBL_MAX_10_EXP__ 308
#define __LDBL_DENORM_MIN__ 3.64519953188247460253e-4951L
#define __INT16_C(c) c
#define __STDC__ 1
#define __PTRDIFF_TYPE__ long int
#define __ATOMIC_SEQ_CST 5
#define __UINT32_TYPE__ unsigned int
#define __UINTPTR_TYPE__ long unsigned int
#define __DEC64_SUBNORMAL_MIN__ 0.000000000000001E-383DD
#define __DEC128_MANT_DIG__ 34
#define __LDBL_MIN_10_EXP__ (-4931)
#define __SIZEOF_LONG_LONG__ 8
#define __GCC_ATOMIC_LLONG_LOCK_FREE 2
#define __LDBL_DIG__ 18
#define __FLT_DECIMAL_DIG__ 9
#define __UINT_FAST16_MAX__ 0xffffffffffffffffUL
#define __GCC_ATOMIC_SHORT_LOCK_FREE 2
#define __UINT_FAST8_TYPE__ unsigned char
#define __ATOMIC_ACQ_REL 4
#define __ATOMIC_RELEASE 3

find program=['ar'] paths=['/home/pfoytik/.nvm/versions/node/v8.1.3/bin', '/home/pfoytik/bin', '/home/pfoytik/.local/bin', '/usr/local/sbin', '/usr/local/bin', '/usr/sbin', '/usr/bin', '/sbin', '/bin', '/usr/games', '/usr/local/games', '/usr/local/go/bin', '/snap/bin'] var='AR' -> ['/usr/bin/ar']
/usr/bin/gcc
----------------------------------------
Checking for cc version
5.4.0
----------------------------------------
Checking for 'g++' (C++ compiler)
find program=['g++', 'c++'] paths=['/home/pfoytik/.nvm/versions/node/v8.1.3/bin', '/home/pfoytik/bin', '/home/pfoytik/.local/bin', '/usr/local/sbin', '/usr/local/bin', '/usr/sbin', '/usr/bin', '/sbin', '/bin', '/usr/games', '/usr/local/games', '/usr/local/go/bin', '/snap/bin'] var='CXX' -> ['/usr/bin/g++']
['/usr/bin/g++', '-dM', '-E', '-']
out: #define __SSP_STRONG__ 3
#define __DBL_MIN_EXP__ (-1021)
#define __UINT_LEAST16_MAX__ 0xffff
#define __ATOMIC_ACQUIRE 2
#define __FLT_MIN__ 1.17549435082228750797e-38F
#define __GCC_IEC_559_COMPLEX 2
#define __UINT_LEAST8_TYPE__ unsigned char
#define __SIZEOF_FLOAT80__ 16
#define __INTMAX_C(c) c ## L
#define __CHAR_BIT__ 8
#define __UINT8_MAX__ 0xff
#define __WINT_MAX__ 0xffffffffU
#define __ORDER_LITTLE_ENDIAN__ 1234
#define __SIZE_MAX__ 0xffffffffffffffffUL
#define __WCHAR_MAX__ 0x7fffffff
#define __GCC_HAVE_SYNC_COMPARE_AND_SWAP_1 1
#define __GCC_HAVE_SYNC_COMPARE_AND_SWAP_2 1
#define __GCC_HAVE_SYNC_COMPARE_AND_SWAP_4 1
#define __DBL_DENORM_MIN__ ((double)4.94065645841246544177e-324L)
#define __GCC_HAVE_SYNC_COMPARE_AND_SWAP_8 1
#define __GCC_ATOMIC_CHAR_LOCK_FREE 2
#define __GCC_IEC_559 2
#define __FLT_EVAL_METHOD__ 0
#define __unix__ 1
#define __GCC_ATOMIC_CHAR32_T_LOCK_FREE 2
#define __x86_64 1
#define __UINT_FAST64_MAX__ 0xffffffffffffffffUL
#define __SIG_ATOMIC_TYPE__ int
#define __DBL_MIN_10_EXP__ (-307)
#define __FINITE_MATH_ONLY__ 0
#define __GNUC_PATCHLEVEL__ 0
#define __UINT_FAST8_MAX__ 0xff
#define __has_include(STR) __has_include__(STR)
#define __DEC64_MAX_EXP__ 385
#define __INT8_C(c) c
#define __UINT_LEAST64_MAX__ 0xffffffffffffffffUL
#define __SHRT_MAX__ 0x7fff
#define __LDBL_MAX__ 1.18973149535723176502e+4932L
#define __UINT_LEAST8_MAX__ 0xff
#define __GCC_ATOMIC_BOOL_LOCK_FREE 2
#define __UINTMAX_TYPE__ long unsigned int
#define __linux 1
#define __DEC32_EPSILON__ 1E-6DF
#define __unix 1
#define __UINT32_MAX__ 0xffffffffU
#define __LDBL_MAX_EXP__ 16384
#define __WINT_MIN__ 0U
#define __linux__ 1
#define __SCHAR_MAX__ 0x7f
#define __WCHAR_MIN__ (-__WCHAR_MAX__ - 1)
#define __INT64_C(c) c ## L
#define __DBL_DIG__ 15
#define __GCC_ATOMIC_POINTER_LOCK_FREE 2
#define __SIZEOF_INT__ 4
#define __SIZEOF_POINTER__ 8
#define __USER_LABEL_PREFIX__ 
#define __STDC_HOSTED__ 1
#define __LDBL_HAS_INFINITY__ 1
#define __FLT_EPSILON__ 1.19209289550781250000e-7F
#define __LDBL_MIN__ 3.36210314311209350626e-4932L
#define __STDC_UTF_16__ 1
#define __DEC32_MAX__ 9.999999E96DF
#define __INT32_MAX__ 0x7fffffff
#define __SIZEOF_LONG__ 8
#define __STDC_IEC_559__ 1
#define __STDC_ISO_10646__ 201505L
#define __UINT16_C(c) c
#define __DECIMAL_DIG__ 21
#define __gnu_linux__ 1
#define __has_include_next(STR) __has_include_next__(STR)
#define __LDBL_HAS_QUIET_NAN__ 1
#define __GNUC__ 5
#define __MMX__ 1
#define __FLT_HAS_DENORM__ 1
#define __SIZEOF_LONG_DOUBLE__ 16
#define __BIGGEST_ALIGNMENT__ 16
#define __DBL_MAX__ ((double)1.79769313486231570815e+308L)
#define __INT_FAST32_MAX__ 0x7fffffffffffffffL
#define __DBL_HAS_INFINITY__ 1
#define __DEC32_MIN_EXP__ (-94)
#define __INT_FAST16_TYPE__ long int
#define __LDBL_HAS_DENORM__ 1
#define __DEC128_MAX__ 9.999999999999999999999999999999999E6144DL
#define __INT_LEAST32_MAX__ 0x7fffffff
#define __DEC32_MIN__ 1E-95DF
#define __DBL_MAX_EXP__ 1024
#define __DEC128_EPSILON__ 1E-33DL
#define __SSE2_MATH__ 1
#define __ATOMIC_HLE_RELEASE 131072
#define __PTRDIFF_MAX__ 0x7fffffffffffffffL
#define __amd64 1
#define __STDC_NO_THREADS__ 1
#define __ATOMIC_HLE_ACQUIRE 65536
#define __LONG_LONG_MAX__ 0x7fffffffffffffffLL
#define __SIZEOF_SIZE_T__ 8
#define __SIZEOF_WINT_T__ 4
#define __GCC_HAVE_DWARF2_CFI_ASM 1
#define __GXX_ABI_VERSION 1009
#define __FLT_MIN_EXP__ (-125)
#define __INT_FAST64_TYPE__ long int
#define __DBL_MIN__ ((double)2.22507385850720138309e-308L)
#define __LP64__ 1
#define __DECIMAL_BID_FORMAT__ 1
#define __DEC128_MIN__ 1E-6143DL
#define __REGISTER_PREFIX__ 
#define __UINT16_MAX__ 0xffff
#define __DBL_HAS_DENORM__ 1
#define __UINT8_TYPE__ unsigned char
#define __NO_INLINE__ 1
#define __FLT_MANT_DIG__ 24
#define __VERSION__ "5.4.0 20160609"
#define __UINT64_C(c) c ## UL
#define _STDC_PREDEF_H 1
#define __GCC_ATOMIC_INT_LOCK_FREE 2
#define __FLOAT_WORD_ORDER__ __ORDER_LITTLE_ENDIAN__
#define __STDC_IEC_559_COMPLEX__ 1
#define __INT32_C(c) c
#define __DEC64_EPSILON__ 1E-15DD
#define __ORDER_PDP_ENDIAN__ 3412
#define __DEC128_MIN_EXP__ (-6142)
#define __INT_FAST32_TYPE__ long int
#define __UINT_LEAST16_TYPE__ short unsigned int
#define unix 1
#define __INT16_MAX__ 0x7fff
#define __SIZE_TYPE__ long unsigned int
#define __UINT64_MAX__ 0xffffffffffffffffUL
#define __INT8_TYPE__ signed char
#define __ELF__ 1
#define __FLT_RADIX__ 2
#define __INT_LEAST16_TYPE__ short int
#define __LDBL_EPSILON__ 1.08420217248550443401e-19L
#define __UINTMAX_C(c) c ## UL
#define __SSE_MATH__ 1
#define __k8 1
#define __SIG_ATOMIC_MAX__ 0x7fffffff
#define __GCC_ATOMIC_WCHAR_T_LOCK_FREE 2
#define __SIZEOF_PTRDIFF_T__ 8
#define __x86_64__ 1
#define __DEC32_SUBNORMAL_MIN__ 0.000001E-95DF
#define __INT_FAST16_MAX__ 0x7fffffffffffffffL
#define __UINT_FAST32_MAX__ 0xffffffffffffffffUL
#define __UINT_LEAST64_TYPE__ long unsigned int
#define __FLT_HAS_QUIET_NAN__ 1
#define __FLT_MAX_10_EXP__ 38
#define __LONG_MAX__ 0x7fffffffffffffffL
#define __DEC128_SUBNORMAL_MIN__ 0.000000000000000000000000000000001E-6143DL
#define __FLT_HAS_INFINITY__ 1
#define __UINT_FAST16_TYPE__ long unsigned int
#define __DEC64_MAX__ 9.999999999999999E384DD
#define __CHAR16_TYPE__ short unsigned int
#define __PRAGMA_REDEFINE_EXTNAME 1
#define __INT_LEAST16_MAX__ 0x7fff
#define __DEC64_MANT_DIG__ 16
#define __INT64_MAX__ 0x7fffffffffffffffL
#define __UINT_LEAST32_MAX__ 0xffffffffU
#define __GCC_ATOMIC_LONG_LOCK_FREE 2
#define __INT_LEAST64_TYPE__ long int
#define __INT16_TYPE__ short int
#define __INT_LEAST8_TYPE__ signed char
#define __STDC_VERSION__ 201112L
#define __DEC32_MAX_EXP__ 97
#define __INT_FAST8_MAX__ 0x7f
#define __INTPTR_MAX__ 0x7fffffffffffffffL
#define linux 1
#define __SSE2__ 1
#define __LDBL_MANT_DIG__ 64
#define __DBL_HAS_QUIET_NAN__ 1
#define __SIG_ATOMIC_MIN__ (-__SIG_ATOMIC_MAX__ - 1)
#define __code_model_small__ 1
#define __k8__ 1
#define __INTPTR_TYPE__ long int
#define __UINT16_TYPE__ short unsigned int
#define __WCHAR_TYPE__ int
#define __SIZEOF_FLOAT__ 4
#define __UINTPTR_MAX__ 0xffffffffffffffffUL
#define __DEC64_MIN_EXP__ (-382)
#define __INT_FAST64_MAX__ 0x7fffffffffffffffL
#define __GCC_ATOMIC_TEST_AND_SET_TRUEVAL 1
#define __FLT_DIG__ 6
#define __UINT_FAST64_TYPE__ long unsigned int
#define __INT_MAX__ 0x7fffffff
#define __amd64__ 1
#define __INT64_TYPE__ long int
#define __FLT_MAX_EXP__ 128
#define __ORDER_BIG_ENDIAN__ 4321
#define __DBL_MANT_DIG__ 53
#define __SIZEOF_FLOAT128__ 16
#define __INT_LEAST64_MAX__ 0x7fffffffffffffffL
#define __GCC_ATOMIC_CHAR16_T_LOCK_FREE 2
#define __DEC64_MIN__ 1E-383DD
#define __WINT_TYPE__ unsigned int
#define __UINT_LEAST32_TYPE__ unsigned int
#define __SIZEOF_SHORT__ 2
#define __SSE__ 1
#define __LDBL_MIN_EXP__ (-16381)
#define __INT_LEAST8_MAX__ 0x7f
#define __SIZEOF_INT128__ 16
#define __LDBL_MAX_10_EXP__ 4932
#define __ATOMIC_RELAXED 0
#define __DBL_EPSILON__ ((double)2.22044604925031308085e-16L)
#define _LP64 1
#define __UINT8_C(c) c
#define __INT_LEAST32_TYPE__ int
#define __SIZEOF_WCHAR_T__ 4
#define __UINT64_TYPE__ long unsigned int
#define __INT_FAST8_TYPE__ signed char
#define __GNUC_STDC_INLINE__ 1
#define __DBL_DECIMAL_DIG__ 17
#define __STDC_UTF_32__ 1
#define __FXSR__ 1
#define __DEC_EVAL_METHOD__ 2
#define __UINT32_C(c) c ## U
#define __INTMAX_MAX__ 0x7fffffffffffffffL
#define __BYTE_ORDER__ __ORDER_LITTLE_ENDIAN__
#define __FLT_DENORM_MIN__ 1.40129846432481707092e-45F
#define __INT8_MAX__ 0x7f
#define __UINT_FAST32_TYPE__ long unsigned int
#define __CHAR32_TYPE__ unsigned int
#define __FLT_MAX__ 3.40282346638528859812e+38F
#define __INT32_TYPE__ int
#define __SIZEOF_DOUBLE__ 8
#define __FLT_MIN_10_EXP__ (-37)
#define __INTMAX_TYPE__ long int
#define __DEC128_MAX_EXP__ 6145
#define __ATOMIC_CONSUME 1
#define __GNUC_MINOR__ 4
#define __UINTMAX_MAX__ 0xffffffffffffffffUL
#define __DEC32_MANT_DIG__ 7
#define __DBL_MAX_10_EXP__ 308
#define __LDBL_DENORM_MIN__ 3.64519953188247460253e-4951L
#define __INT16_C(c) c
#define __STDC__ 1
#define __PTRDIFF_TYPE__ long int
#define __ATOMIC_SEQ_CST 5
#define __UINT32_TYPE__ unsigned int
#define __UINTPTR_TYPE__ long unsigned int
#define __DEC64_SUBNORMAL_MIN__ 0.000000000000001E-383DD
#define __DEC128_MANT_DIG__ 34
#define __LDBL_MIN_10_EXP__ (-4931)
#define __SIZEOF_LONG_LONG__ 8
#define __GCC_ATOMIC_LLONG_LOCK_FREE 2
#define __LDBL_DIG__ 18
#define __FLT_DECIMAL_DIG__ 9
#define __UINT_FAST16_MAX__ 0xffffffffffffffffUL
#define __GCC_ATOMIC_SHORT_LOCK_FREE 2
#define __UINT_FAST8_TYPE__ unsigned char
#define __ATOMIC_ACQ_REL 4
#define __ATOMIC_RELEASE 3

find program=['ar'] paths=['/home/pfoytik/.nvm/versions/node/v8.1.3/bin', '/home/pfoytik/bin', '/home/pfoytik/.local/bin', '/usr/local/sbin', '/usr/local/bin', '/usr/sbin', '/usr/bin', '/sbin', '/bin', '/usr/games', '/usr/local/games', '/usr/local/go/bin', '/snap/bin'] var='AR' -> ['/usr/bin/ar']
/usr/bin/g++
---------------------------------------------------
Checking for compilation flag -march=native support
==>
int main() { return 0; }
<==
[1/1] Compiling [32mbuild/optimized/.conf_check_021469d4e598fd1eed79748e813a51ec/test.cpp[0m

['/usr/bin/g++', '-std=c++11', '-march=native', '-DNS3_BUILD_PROFILE_OPTIMIZED', '../test.cpp', '-c', '-o/home/pfoytik/Documents/Blockchain/simulation/ns-allinone-3.29/ns-3.29/build/optimized/.conf_check_021469d4e598fd1eed79748e813a51ec/testbuild/test.cpp.1.o']
ok
------------------------------------------------------
Checking for compilation flag -Wl,--soname=foo support
==>
int main() { return 0; }
<==
[1/1] Compiling [32mbuild/optimized/.conf_check_021469d4e598fd1eed79748e813a51ec/test.cpp[0m

['/usr/bin/g++', '-std=c++11', '-march=native', '-fstrict-overflow', '-Wstrict-overflow=2', '-Wl,--soname=foo', '-DNS3_BUILD_PROFILE_OPTIMIZED', '../test.cpp', '-c', '-o/home/pfoytik/Documents/Blockchain/simulation/ns-allinone-3.29/ns-3.29/build/optimized/.conf_check_021469d4e598fd1eed79748e813a51ec/testbuild/test.cpp.1.o']
ok
----------------------------------------------------------------
Checking for compilation flags -Wl,--whole-archive,-B... support
==>
int main() { return 0; }
<==
[1/1] Compiling [32mbuild/optimized/.conf_check_021469d4e598fd1eed79748e813a51ec/test.cpp[0m

['/usr/bin/g++', '-std=c++11', '-march=native', '-fstrict-overflow', '-Wstrict-overflow=2', '-DNS3_BUILD_PROFILE_OPTIMIZED', '../test.cpp', '-c', '-o/home/pfoytik/Documents/Blockchain/simulation/ns-allinone-3.29/ns-3.29/build/optimized/.conf_check_021469d4e598fd1eed79748e813a51ec/testbuild/test.cpp.1.o']
ok
----------------------------------------------------------------
Checking for compilation flag -std=c++11 support
==>
int main() { return 0; }
<==
[1/1] Compiling [32mbuild/optimized/.conf_check_021469d4e598fd1eed79748e813a51ec/test.cpp[0m

['/usr/bin/g++', '-std=c++11', '-march=native', '-fstrict-overflow', '-Wstrict-overflow=2', '-std=c++11', '-DNS3_BUILD_PROFILE_OPTIMIZED', '../test.cpp', '-c', '-o/home/pfoytik/Documents/Blockchain/simulation/ns-allinone-3.29/ns-3.29/build/optimized/.conf_check_021469d4e598fd1eed79748e813a51ec/testbuild/test.cpp.1.o']
ok
----------------------------------------------------------------
Checking boost includes
headers not found, please provide a --boost-includes argument (see help)
from /home/pfoytik/Documents/Blockchain/simulation/ns-allinone-3.29/ns-3.29/src: The configuration failed
----------------------------------------------------------------
Checking boost includes
headers not found, please provide a --boost-includes argument (see help)
from /home/pfoytik/Documents/Blockchain/simulation/ns-allinone-3.29/ns-3.29/src: The configuration failed
----------------------------------------------------------------
Checking for click location
not found
----------------------------------------------------------------
Checking for program 'pkg-config'
/usr/bin/pkg-config
find program=['pkg-config'] paths=['/home/pfoytik/.nvm/versions/node/v8.1.3/bin', '/home/pfoytik/bin', '/home/pfoytik/.local/bin', '/usr/local/sbin', '/usr/local/bin', '/usr/sbin', '/usr/bin', '/sbin', '/bin', '/usr/games', '/usr/local/games', '/usr/local/go/bin', '/snap/bin'] var='PKGCONFIG' -> ['/usr/bin/pkg-config']
----------------------------------------------------------------
Checking for 'gtk+-3.0'
['/usr/bin/pkg-config', '--cflags', '--libs', 'gtk+-3.0']
err: Package gtk+-3.0 was not found in the pkg-config search path.
Perhaps you should add the directory containing `gtk+-3.0.pc'
to the PKG_CONFIG_PATH environment variable
No package 'gtk+-3.0' found

not found
from /home/pfoytik/Documents/Blockchain/simulation/ns-allinone-3.29/ns-3.29/src/config-store: The configuration failed
----------------------------------------------------------------
Checking for 'libxml-2.0'
['/usr/bin/pkg-config', '--cflags', '--libs', 'libxml-2.0']
err: Package libxml-2.0 was not found in the pkg-config search path.
Perhaps you should add the directory containing `libxml-2.0.pc'
to the PKG_CONFIG_PATH environment variable
No package 'libxml-2.0' found

not found
from /home/pfoytik/Documents/Blockchain/simulation/ns-allinone-3.29/ns-3.29/src/config-store: The configuration failed
----------------------------------------------------------------
checking for uint128_t
==>

        #include <stdint.h>
        
        int main(int argc, char **argv) {
	(void)argc; (void)argv;
	if ((uint128_t *) 0) return 0;
	if (sizeof (uint128_t)) return 0;
	return 1;
        }
        
<==
[1/2] Compiling [32mbuild/optimized/.conf_check_aa12e0156ebb8c1cf3204254cd8f4b29/test.cpp[0m

['/usr/bin/g++', '-std=c++11', '-march=native', '-fstrict-overflow', '-Wstrict-overflow=2', '-std=c++11', '-DNS3_BUILD_PROFILE_OPTIMIZED', '../test.cpp', '-c', '-o/home/pfoytik/Documents/Blockchain/simulation/ns-allinone-3.29/ns-3.29/build/optimized/.conf_check_aa12e0156ebb8c1cf3204254cd8f4b29/testbuild/test.cpp.1.o']
err: ../test.cpp: In function ‘int main(int, char**)’:
../test.cpp:6:7: error: ‘uint128_t’ was not declared in this scope
  if ((uint128_t *) 0) return 0;
       ^
../test.cpp:6:18: error: expected primary-expression before ‘)’ token
  if ((uint128_t *) 0) return 0;
                  ^
../test.cpp:6:20: error: expected ‘)’ before numeric constant
  if ((uint128_t *) 0) return 0;
                    ^
../test.cpp:7:14: error: ‘uint128_t’ was not declared in this scope
  if (sizeof (uint128_t)) return 0;
              ^

from /home/pfoytik/Documents/Blockchain/simulation/ns-allinone-3.29/ns-3.29/src/core: Test does not build: Traceback (most recent call last):
  File "/home/pfoytik/Documents/Blockchain/simulation/ns-allinone-3.29/ns-3.29/.waf-2.0.9-897e824215d3dab2b64982d8af27db90/waflib/Configure.py", line 324, in run_build
    bld.compile()
  File "/home/pfoytik/Documents/Blockchain/simulation/ns-allinone-3.29/ns-3.29/.waf-2.0.9-897e824215d3dab2b64982d8af27db90/waflib/Build.py", line 176, in compile
    raise Errors.BuildError(self.producer.error)
BuildError: Build failed
 -> task in 'testprog' failed with exit status 1 (run with -v to display more information)

not found
from /home/pfoytik/Documents/Blockchain/simulation/ns-allinone-3.29/ns-3.29/src/core: The configuration failed
----------------------------------------------------------------
checking for __uint128_t
==>

        #include <stdint.h>
        
        int main(int argc, char **argv) {
	(void)argc; (void)argv;
	if ((__uint128_t *) 0) return 0;
	if (sizeof (__uint128_t)) return 0;
	return 1;
        }
        
<==
[1/2] Compiling [32mbuild/optimized/.conf_check_d6092ac75729fbed49c9364c11588bb2/test.cpp[0m

['/usr/bin/g++', '-std=c++11', '-march=native', '-fstrict-overflow', '-Wstrict-overflow=2', '-std=c++11', '-DNS3_BUILD_PROFILE_OPTIMIZED', '../test.cpp', '-c', '-o/home/pfoytik/Documents/Blockchain/simulation/ns-allinone-3.29/ns-3.29/build/optimized/.conf_check_d6092ac75729fbed49c9364c11588bb2/testbuild/test.cpp.1.o']
[2/2] Linking [33mbuild/optimized/.conf_check_d6092ac75729fbed49c9364c11588bb2/testbuild/testprog[0m

['/usr/bin/g++', 'test.cpp.1.o', '-o/home/pfoytik/Documents/Blockchain/simulation/ns-allinone-3.29/ns-3.29/build/optimized/.conf_check_d6092ac75729fbed49c9364c11588bb2/testbuild/testprog', '-Wl,-Bstatic', '-Wl,-Bdynamic']
yes
----------------------------------------------------------------
Checking high precision implementation
128-bit integer (default)
----------------------------------------------------------------
Checking for header stdint.h
==>
#include <stdint.h>

int main(int argc, char **argv) {
	(void)argc; (void)argv;
	return 0;
}

<==
[1/2] Compiling [32mbuild/optimized/.conf_check_eeccfc084c63c161fd3c13a9b247467a/test.cpp[0m

['/usr/bin/g++', '-std=c++11', '-march=native', '-fstrict-overflow', '-Wstrict-overflow=2', '-std=c++11', '-DNS3_BUILD_PROFILE_OPTIMIZED', '-DHAVE___UINT128_T=1', '-DINT64X64_USE_128=1', '../test.cpp', '-c', '-o/home/pfoytik/Documents/Blockchain/simulation/ns-allinone-3.29/ns-3.29/build/optimized/.conf_check_eeccfc084c63c161fd3c13a9b247467a/testbuild/test.cpp.1.o']
[2/2] Linking [33mbuild/optimized/.conf_check_eeccfc084c63c161fd3c13a9b247467a/testbuild/testprog[0m

['/usr/bin/g++', 'test.cpp.1.o', '-o/home/pfoytik/Documents/Blockchain/simulation/ns-allinone-3.29/ns-3.29/build/optimized/.conf_check_eeccfc084c63c161fd3c13a9b247467a/testbuild/testprog', '-Wl,-Bstatic', '-Wl,-Bdynamic']
yes
----------------------------------------------------------------
Checking for header inttypes.h
==>
#include <inttypes.h>

int main(int argc, char **argv) {
	(void)argc; (void)argv;
	return 0;
}

<==
[1/2] Compiling [32mbuild/optimized/.conf_check_548859962005c5438f9a0f64fb11a812/test.cpp[0m

['/usr/bin/g++', '-std=c++11', '-march=native', '-fstrict-overflow', '-Wstrict-overflow=2', '-std=c++11', '-DNS3_BUILD_PROFILE_OPTIMIZED', '-DHAVE___UINT128_T=1', '-DINT64X64_USE_128=1', '-DHAVE_STDINT_H=1', '../test.cpp', '-c', '-o/home/pfoytik/Documents/Blockchain/simulation/ns-allinone-3.29/ns-3.29/build/optimized/.conf_check_548859962005c5438f9a0f64fb11a812/testbuild/test.cpp.1.o']
[2/2] Linking [33mbuild/optimized/.conf_check_548859962005c5438f9a0f64fb11a812/testbuild/testprog[0m

['/usr/bin/g++', 'test.cpp.1.o', '-o/home/pfoytik/Documents/Blockchain/simulation/ns-allinone-3.29/ns-3.29/build/optimized/.conf_check_548859962005c5438f9a0f64fb11a812/testbuild/testprog', '-Wl,-Bstatic', '-Wl,-Bdynamic']
yes
----------------------------------------------------------------
Checking for header sys/inttypes.h
==>
#include <sys/inttypes.h>

int main(int argc, char **argv) {
	(void)argc; (void)argv;
	return 0;
}

<==
[1/2] Compiling [32mbuild/optimized/.conf_check_b9cb0bf012c9c82cef04facd54e2b61d/test.cpp[0m

['/usr/bin/g++', '-std=c++11', '-march=native', '-fstrict-overflow', '-Wstrict-overflow=2', '-std=c++11', '-DNS3_BUILD_PROFILE_OPTIMIZED', '-DHAVE___UINT128_T=1', '-DINT64X64_USE_128=1', '-DHAVE_STDINT_H=1', '-DHAVE_INTTYPES_H=1', '../test.cpp', '-c', '-o/home/pfoytik/Documents/Blockchain/simulation/ns-allinone-3.29/ns-3.29/build/optimized/.conf_check_b9cb0bf012c9c82cef04facd54e2b61d/testbuild/test.cpp.1.o']
err: ../test.cpp:1:26: fatal error: sys/inttypes.h: No such file or directory
compilation terminated.

from /home/pfoytik/Documents/Blockchain/simulation/ns-allinone-3.29/ns-3.29/src/core: Test does not build: Traceback (most recent call last):
  File "/home/pfoytik/Documents/Blockchain/simulation/ns-allinone-3.29/ns-3.29/.waf-2.0.9-897e824215d3dab2b64982d8af27db90/waflib/Configure.py", line 324, in run_build
    bld.compile()
  File "/home/pfoytik/Documents/Blockchain/simulation/ns-allinone-3.29/ns-3.29/.waf-2.0.9-897e824215d3dab2b64982d8af27db90/waflib/Build.py", line 176, in compile
    raise Errors.BuildError(self.producer.error)
BuildError: Build failed
 -> task in 'testprog' failed with exit status 1 (run with -v to display more information)

not found
from /home/pfoytik/Documents/Blockchain/simulation/ns-allinone-3.29/ns-3.29/src/core: The configuration failed
----------------------------------------------------------------
Checking for header sys/types.h
==>
#include <sys/types.h>

int main(int argc, char **argv) {
	(void)argc; (void)argv;
	return 0;
}

<==
[1/2] Compiling [32mbuild/optimized/.conf_check_7bc5102458f073b6c6838efb35ec96f8/test.cpp[0m

['/usr/bin/g++', '-std=c++11', '-march=native', '-fstrict-overflow', '-Wstrict-overflow=2', '-std=c++11', '-DNS3_BUILD_PROFILE_OPTIMIZED', '-DHAVE___UINT128_T=1', '-DINT64X64_USE_128=1', '-DHAVE_STDINT_H=1', '-DHAVE_INTTYPES_H=1', '../test.cpp', '-c', '-o/home/pfoytik/Documents/Blockchain/simulation/ns-allinone-3.29/ns-3.29/build/optimized/.conf_check_7bc5102458f073b6c6838efb35ec96f8/testbuild/test.cpp.1.o']
[2/2] Linking [33mbuild/optimized/.conf_check_7bc5102458f073b6c6838efb35ec96f8/testbuild/testprog[0m

['/usr/bin/g++', 'test.cpp.1.o', '-o/home/pfoytik/Documents/Blockchain/simulation/ns-allinone-3.29/ns-3.29/build/optimized/.conf_check_7bc5102458f073b6c6838efb35ec96f8/testbuild/testprog', '-Wl,-Bstatic', '-Wl,-Bdynamic']
yes
----------------------------------------------------------------
Checking for header sys/stat.h
==>
#include <sys/stat.h>

int main(int argc, char **argv) {
	(void)argc; (void)argv;
	return 0;
}

<==
[1/2] Compiling [32mbuild/optimized/.conf_check_0bf301708cd858c8cbd4a5a5a83ce48b/test.cpp[0m

['/usr/bin/g++', '-std=c++11', '-march=native', '-fstrict-overflow', '-Wstrict-overflow=2', '-std=c++11', '-DNS3_BUILD_PROFILE_OPTIMIZED', '-DHAVE___UINT128_T=1', '-DINT64X64_USE_128=1', '-DHAVE_STDINT_H=1', '-DHAVE_INTTYPES_H=1', '-DHAVE_SYS_TYPES_H=1', '../test.cpp', '-c', '-o/home/pfoytik/Documents/Blockchain/simulation/ns-allinone-3.29/ns-3.29/build/optimized/.conf_check_0bf301708cd858c8cbd4a5a5a83ce48b/testbuild/test.cpp.1.o']
[2/2] Linking [33mbuild/optimized/.conf_check_0bf301708cd858c8cbd4a5a5a83ce48b/testbuild/testprog[0m

['/usr/bin/g++', 'test.cpp.1.o', '-o/home/pfoytik/Documents/Blockchain/simulation/ns-allinone-3.29/ns-3.29/build/optimized/.conf_check_0bf301708cd858c8cbd4a5a5a83ce48b/testbuild/testprog', '-Wl,-Bstatic', '-Wl,-Bdynamic']
yes
----------------------------------------------------------------
Checking for header dirent.h
==>
#include <dirent.h>

int main(int argc, char **argv) {
	(void)argc; (void)argv;
	return 0;
}

<==
[1/2] Compiling [32mbuild/optimized/.conf_check_e2d4b0e8ccf14b410be39875beb2808a/test.cpp[0m

['/usr/bin/g++', '-std=c++11', '-march=native', '-fstrict-overflow', '-Wstrict-overflow=2', '-std=c++11', '-DNS3_BUILD_PROFILE_OPTIMIZED', '-DHAVE___UINT128_T=1', '-DINT64X64_USE_128=1', '-DHAVE_STDINT_H=1', '-DHAVE_INTTYPES_H=1', '-DHAVE_SYS_TYPES_H=1', '-DHAVE_SYS_STAT_H=1', '../test.cpp', '-c', '-o/home/pfoytik/Documents/Blockchain/simulation/ns-allinone-3.29/ns-3.29/build/optimized/.conf_check_e2d4b0e8ccf14b410be39875beb2808a/testbuild/test.cpp.1.o']
[2/2] Linking [33mbuild/optimized/.conf_check_e2d4b0e8ccf14b410be39875beb2808a/testbuild/testprog[0m

['/usr/bin/g++', 'test.cpp.1.o', '-o/home/pfoytik/Documents/Blockchain/simulation/ns-allinone-3.29/ns-3.29/build/optimized/.conf_check_e2d4b0e8ccf14b410be39875beb2808a/testbuild/testprog', '-Wl,-Bstatic', '-Wl,-Bdynamic']
yes
----------------------------------------------------------------
Checking for header stdlib.h
==>
#include <stdlib.h>

int main(int argc, char **argv) {
	(void)argc; (void)argv;
	return 0;
}

<==
[1/2] Compiling [32mbuild/optimized/.conf_check_3aca4a782e8f64c2047c7e8ffade8241/test.cpp[0m

['/usr/bin/g++', '-std=c++11', '-march=native', '-fstrict-overflow', '-Wstrict-overflow=2', '-std=c++11', '-DNS3_BUILD_PROFILE_OPTIMIZED', '-DHAVE___UINT128_T=1', '-DINT64X64_USE_128=1', '-DHAVE_STDINT_H=1', '-DHAVE_INTTYPES_H=1', '-DHAVE_SYS_TYPES_H=1', '-DHAVE_SYS_STAT_H=1', '-DHAVE_DIRENT_H=1', '../test.cpp', '-c', '-o/home/pfoytik/Documents/Blockchain/simulation/ns-allinone-3.29/ns-3.29/build/optimized/.conf_check_3aca4a782e8f64c2047c7e8ffade8241/testbuild/test.cpp.1.o']
[2/2] Linking [33mbuild/optimized/.conf_check_3aca4a782e8f64c2047c7e8ffade8241/testbuild/testprog[0m

['/usr/bin/g++', 'test.cpp.1.o', '-o/home/pfoytik/Documents/Blockchain/simulation/ns-allinone-3.29/ns-3.29/build/optimized/.conf_check_3aca4a782e8f64c2047c7e8ffade8241/testbuild/testprog', '-Wl,-Bstatic', '-Wl,-Bdynamic']
yes
----------------------------------------------------------------
Checking for header signal.h
==>
#include <signal.h>

int main(int argc, char **argv) {
	(void)argc; (void)argv;
	return 0;
}

<==
[1/2] Compiling [32mbuild/optimized/.conf_check_c0c54160cd4bc27a14efac0ff0a86079/test.cpp[0m

['/usr/bin/g++', '-std=c++11', '-march=native', '-fstrict-overflow', '-Wstrict-overflow=2', '-std=c++11', '-DNS3_BUILD_PROFILE_OPTIMIZED', '-DHAVE___UINT128_T=1', '-DINT64X64_USE_128=1', '-DHAVE_STDINT_H=1', '-DHAVE_INTTYPES_H=1', '-DHAVE_SYS_TYPES_H=1', '-DHAVE_SYS_STAT_H=1', '-DHAVE_DIRENT_H=1', '-DHAVE_STDLIB_H=1', '-DHAVE_GETENV=1', '../test.cpp', '-c', '-o/home/pfoytik/Documents/Blockchain/simulation/ns-allinone-3.29/ns-3.29/build/optimized/.conf_check_c0c54160cd4bc27a14efac0ff0a86079/testbuild/test.cpp.1.o']
[2/2] Linking [33mbuild/optimized/.conf_check_c0c54160cd4bc27a14efac0ff0a86079/testbuild/testprog[0m

['/usr/bin/g++', 'test.cpp.1.o', '-o/home/pfoytik/Documents/Blockchain/simulation/ns-allinone-3.29/ns-3.29/build/optimized/.conf_check_c0c54160cd4bc27a14efac0ff0a86079/testbuild/testprog', '-Wl,-Bstatic', '-Wl,-Bdynamic']
yes
----------------------------------------------------------------
Checking for header pthread.h
==>

#include <pthread.h>
int main ()
{
   pthread_mutex_t m;
   pthread_mutex_init (&m, NULL);
   return 0;
}

<==
[1/2] Compiling [32mbuild/optimized/.conf_check_147a8371cb993896e0df532372f9838d/test.cpp[0m

['/usr/bin/g++', '-std=c++11', '-march=native', '-fstrict-overflow', '-Wstrict-overflow=2', '-std=c++11', '-pthread', '-DNS3_BUILD_PROFILE_OPTIMIZED', '-DHAVE___UINT128_T=1', '-DINT64X64_USE_128=1', '-DHAVE_STDINT_H=1', '-DHAVE_INTTYPES_H=1', '-DHAVE_SYS_TYPES_H=1', '-DHAVE_SYS_STAT_H=1', '-DHAVE_DIRENT_H=1', '-DHAVE_STDLIB_H=1', '-DHAVE_GETENV=1', '-DHAVE_SIGNAL_H=1', '../test.cpp', '-c', '-o/home/pfoytik/Documents/Blockchain/simulation/ns-allinone-3.29/ns-3.29/build/optimized/.conf_check_147a8371cb993896e0df532372f9838d/testbuild/test.cpp.1.o']
[2/2] Linking [33mbuild/optimized/.conf_check_147a8371cb993896e0df532372f9838d/testbuild/testprog[0m

['/usr/bin/g++', '-pthread', 'test.cpp.1.o', '-o/home/pfoytik/Documents/Blockchain/simulation/ns-allinone-3.29/ns-3.29/build/optimized/.conf_check_147a8371cb993896e0df532372f9838d/testbuild/testprog', '-Wl,-Bstatic', '-Wl,-Bdynamic']
yes
----------------------------------------------------------------
Checking for header stdint.h
==>
#include <stdint.h>

int main(int argc, char **argv) {
	(void)argc; (void)argv;
	return 0;
}

<==
[1/2] Compiling [32mbuild/optimized/.conf_check_eeccfc084c63c161fd3c13a9b247467a/test.cpp[0m

['/usr/bin/g++', '-std=c++11', '-march=native', '-fstrict-overflow', '-Wstrict-overflow=2', '-std=c++11', '-DNS3_BUILD_PROFILE_OPTIMIZED', '-DHAVE___UINT128_T=1', '-DINT64X64_USE_128=1', '-DHAVE_INTTYPES_H=1', '-DHAVE_SYS_TYPES_H=1', '-DHAVE_SYS_STAT_H=1', '-DHAVE_DIRENT_H=1', '-DHAVE_STDLIB_H=1', '-DHAVE_GETENV=1', '-DHAVE_SIGNAL_H=1', '-DHAVE_PTHREAD_H=1', '../test.cpp', '-c', '-o/home/pfoytik/Documents/Blockchain/simulation/ns-allinone-3.29/ns-3.29/build/optimized/.conf_check_eeccfc084c63c161fd3c13a9b247467a/testbuild/test.cpp.1.o']
[2/2] Linking [33mbuild/optimized/.conf_check_eeccfc084c63c161fd3c13a9b247467a/testbuild/testprog[0m

['/usr/bin/g++', 'test.cpp.1.o', '-o/home/pfoytik/Documents/Blockchain/simulation/ns-allinone-3.29/ns-3.29/build/optimized/.conf_check_eeccfc084c63c161fd3c13a9b247467a/testbuild/testprog', '-Wl,-Bstatic', '-Wl,-Bdynamic']
yes
----------------------------------------------------------------
Checking for header inttypes.h
==>
#include <inttypes.h>

int main(int argc, char **argv) {
	(void)argc; (void)argv;
	return 0;
}

<==
[1/2] Compiling [32mbuild/optimized/.conf_check_548859962005c5438f9a0f64fb11a812/test.cpp[0m

['/usr/bin/g++', '-std=c++11', '-march=native', '-fstrict-overflow', '-Wstrict-overflow=2', '-std=c++11', '-DNS3_BUILD_PROFILE_OPTIMIZED', '-DHAVE___UINT128_T=1', '-DINT64X64_USE_128=1', '-DHAVE_SYS_TYPES_H=1', '-DHAVE_SYS_STAT_H=1', '-DHAVE_DIRENT_H=1', '-DHAVE_STDLIB_H=1', '-DHAVE_GETENV=1', '-DHAVE_SIGNAL_H=1', '-DHAVE_PTHREAD_H=1', '-DHAVE_STDINT_H=1', '../test.cpp', '-c', '-o/home/pfoytik/Documents/Blockchain/simulation/ns-allinone-3.29/ns-3.29/build/optimized/.conf_check_548859962005c5438f9a0f64fb11a812/testbuild/test.cpp.1.o']
[2/2] Linking [33mbuild/optimized/.conf_check_548859962005c5438f9a0f64fb11a812/testbuild/testprog[0m

['/usr/bin/g++', 'test.cpp.1.o', '-o/home/pfoytik/Documents/Blockchain/simulation/ns-allinone-3.29/ns-3.29/build/optimized/.conf_check_548859962005c5438f9a0f64fb11a812/testbuild/testprog', '-Wl,-Bstatic', '-Wl,-Bdynamic']
yes
----------------------------------------------------------------
Checking for header sys/inttypes.h
==>
#include <sys/inttypes.h>

int main(int argc, char **argv) {
	(void)argc; (void)argv;
	return 0;
}

<==
[1/2] Compiling [32mbuild/optimized/.conf_check_b9cb0bf012c9c82cef04facd54e2b61d/test.cpp[0m

['/usr/bin/g++', '-std=c++11', '-march=native', '-fstrict-overflow', '-Wstrict-overflow=2', '-std=c++11', '-DNS3_BUILD_PROFILE_OPTIMIZED', '-DHAVE___UINT128_T=1', '-DINT64X64_USE_128=1', '-DHAVE_SYS_TYPES_H=1', '-DHAVE_SYS_STAT_H=1', '-DHAVE_DIRENT_H=1', '-DHAVE_STDLIB_H=1', '-DHAVE_GETENV=1', '-DHAVE_SIGNAL_H=1', '-DHAVE_PTHREAD_H=1', '-DHAVE_STDINT_H=1', '-DHAVE_INTTYPES_H=1', '../test.cpp', '-c', '-o/home/pfoytik/Documents/Blockchain/simulation/ns-allinone-3.29/ns-3.29/build/optimized/.conf_check_b9cb0bf012c9c82cef04facd54e2b61d/testbuild/test.cpp.1.o']
err: ../test.cpp:1:26: fatal error: sys/inttypes.h: No such file or directory
compilation terminated.

from /home/pfoytik/Documents/Blockchain/simulation/ns-allinone-3.29/ns-3.29/src/core: Test does not build: Traceback (most recent call last):
  File "/home/pfoytik/Documents/Blockchain/simulation/ns-allinone-3.29/ns-3.29/.waf-2.0.9-897e824215d3dab2b64982d8af27db90/waflib/Configure.py", line 324, in run_build
    bld.compile()
  File "/home/pfoytik/Documents/Blockchain/simulation/ns-allinone-3.29/ns-3.29/.waf-2.0.9-897e824215d3dab2b64982d8af27db90/waflib/Build.py", line 176, in compile
    raise Errors.BuildError(self.producer.error)
BuildError: Build failed
 -> task in 'testprog' failed with exit status 1 (run with -v to display more information)

not found
from /home/pfoytik/Documents/Blockchain/simulation/ns-allinone-3.29/ns-3.29/src/core: The configuration failed
----------------------------------------------------------------
Checking for library rt
==>

int main(int argc, char **argv) {
	(void)argc; (void)argv;
	return 0;
}

<==
[1/2] Compiling [32mbuild/optimized/.conf_check_57d43bdac4bd66190eb404985710e5ef/test.cpp[0m

['/usr/bin/g++', '-std=c++11', '-march=native', '-fstrict-overflow', '-Wstrict-overflow=2', '-std=c++11', '-pthread', '-DNS3_BUILD_PROFILE_OPTIMIZED', '-DHAVE___UINT128_T=1', '-DINT64X64_USE_128=1', '-DHAVE_SYS_TYPES_H=1', '-DHAVE_SYS_STAT_H=1', '-DHAVE_DIRENT_H=1', '-DHAVE_STDLIB_H=1', '-DHAVE_GETENV=1', '-DHAVE_SIGNAL_H=1', '-DHAVE_PTHREAD_H=1', '-DHAVE_STDINT_H=1', '-DHAVE_INTTYPES_H=1', '../test.cpp', '-c', '-o/home/pfoytik/Documents/Blockchain/simulation/ns-allinone-3.29/ns-3.29/build/optimized/.conf_check_57d43bdac4bd66190eb404985710e5ef/testbuild/test.cpp.1.o']
[2/2] Linking [33mbuild/optimized/.conf_check_57d43bdac4bd66190eb404985710e5ef/testbuild/testprog[0m

['/usr/bin/g++', '-pthread', 'test.cpp.1.o', '-o/home/pfoytik/Documents/Blockchain/simulation/ns-allinone-3.29/ns-3.29/build/optimized/.conf_check_57d43bdac4bd66190eb404985710e5ef/testbuild/testprog', '-Wl,-Bstatic', '-Wl,-Bdynamic', '-lrt']
yes
----------------------------------------------------------------
Checking for header sys/ioctl.h
==>
#include <sys/ioctl.h>

int main(int argc, char **argv) {
	(void)argc; (void)argv;
	return 0;
}

<==
[1/2] Compiling [32mbuild/optimized/.conf_check_e8cf9de6382f0f2eb31acfc65d967c84/test.cpp[0m

['/usr/bin/g++', '-std=c++11', '-march=native', '-fstrict-overflow', '-Wstrict-overflow=2', '-std=c++11', '-DNS3_BUILD_PROFILE_OPTIMIZED', '../test.cpp', '-c', '-o/home/pfoytik/Documents/Blockchain/simulation/ns-allinone-3.29/ns-3.29/build/optimized/.conf_check_e8cf9de6382f0f2eb31acfc65d967c84/testbuild/test.cpp.1.o']
[2/2] Linking [33mbuild/optimized/.conf_check_e8cf9de6382f0f2eb31acfc65d967c84/testbuild/testprog[0m

['/usr/bin/g++', 'test.cpp.1.o', '-o/home/pfoytik/Documents/Blockchain/simulation/ns-allinone-3.29/ns-3.29/build/optimized/.conf_check_e8cf9de6382f0f2eb31acfc65d967c84/testbuild/testprog', '-Wl,-Bstatic', '-Wl,-Bdynamic']
yes
----------------------------------------------------------------
Checking for header net/if.h
==>
#include <net/if.h>

int main(int argc, char **argv) {
	(void)argc; (void)argv;
	return 0;
}

<==
[1/2] Compiling [32mbuild/optimized/.conf_check_6b3c98f0deb199a66d641be9c12c03c0/test.cpp[0m

['/usr/bin/g++', '-std=c++11', '-march=native', '-fstrict-overflow', '-Wstrict-overflow=2', '-std=c++11', '-DNS3_BUILD_PROFILE_OPTIMIZED', '-DHAVE_SYS_IOCTL_H=1', '../test.cpp', '-c', '-o/home/pfoytik/Documents/Blockchain/simulation/ns-allinone-3.29/ns-3.29/build/optimized/.conf_check_6b3c98f0deb199a66d641be9c12c03c0/testbuild/test.cpp.1.o']
[2/2] Linking [33mbuild/optimized/.conf_check_6b3c98f0deb199a66d641be9c12c03c0/testbuild/testprog[0m

['/usr/bin/g++', 'test.cpp.1.o', '-o/home/pfoytik/Documents/Blockchain/simulation/ns-allinone-3.29/ns-3.29/build/optimized/.conf_check_6b3c98f0deb199a66d641be9c12c03c0/testbuild/testprog', '-Wl,-Bstatic', '-Wl,-Bdynamic']
yes
----------------------------------------------------------------
Checking for header net/ethernet.h
==>
#include <net/ethernet.h>

int main(int argc, char **argv) {
	(void)argc; (void)argv;
	return 0;
}

<==
[1/2] Compiling [32mbuild/optimized/.conf_check_d8d608b99dce37f8906c03aa0d5c0742/test.cpp[0m

['/usr/bin/g++', '-std=c++11', '-march=native', '-fstrict-overflow', '-Wstrict-overflow=2', '-std=c++11', '-DNS3_BUILD_PROFILE_OPTIMIZED', '-DHAVE_SYS_IOCTL_H=1', '-DHAVE_IF_NETS_H=1', '../test.cpp', '-c', '-o/home/pfoytik/Documents/Blockchain/simulation/ns-allinone-3.29/ns-3.29/build/optimized/.conf_check_d8d608b99dce37f8906c03aa0d5c0742/testbuild/test.cpp.1.o']
[2/2] Linking [33mbuild/optimized/.conf_check_d8d608b99dce37f8906c03aa0d5c0742/testbuild/testprog[0m

['/usr/bin/g++', 'test.cpp.1.o', '-o/home/pfoytik/Documents/Blockchain/simulation/ns-allinone-3.29/ns-3.29/build/optimized/.conf_check_d8d608b99dce37f8906c03aa0d5c0742/testbuild/testprog', '-Wl,-Bstatic', '-Wl,-Bdynamic']
yes
----------------------------------------------------------------
Checking for header linux/if_tun.h
==>
#include <linux/if_tun.h>

int main(int argc, char **argv) {
	(void)argc; (void)argv;
	return 0;
}

<==
[1/2] Compiling [32mbuild/optimized/.conf_check_78b726c6f24f7023049236555f877aaf/test.cpp[0m

['/usr/bin/g++', '-std=c++11', '-march=native', '-fstrict-overflow', '-Wstrict-overflow=2', '-std=c++11', '-DNS3_BUILD_PROFILE_OPTIMIZED', '-DHAVE_SYS_IOCTL_H=1', '-DHAVE_IF_NETS_H=1', '-DHAVE_NET_ETHERNET_H=1', '../test.cpp', '-c', '-o/home/pfoytik/Documents/Blockchain/simulation/ns-allinone-3.29/ns-3.29/build/optimized/.conf_check_78b726c6f24f7023049236555f877aaf/testbuild/test.cpp.1.o']
[2/2] Linking [33mbuild/optimized/.conf_check_78b726c6f24f7023049236555f877aaf/testbuild/testprog[0m

['/usr/bin/g++', 'test.cpp.1.o', '-o/home/pfoytik/Documents/Blockchain/simulation/ns-allinone-3.29/ns-3.29/build/optimized/.conf_check_78b726c6f24f7023049236555f877aaf/testbuild/testprog', '-Wl,-Bstatic', '-Wl,-Bdynamic']
yes
----------------------------------------------------------------
Checking for header netpacket/packet.h
==>
#include <netpacket/packet.h>

int main(int argc, char **argv) {
	(void)argc; (void)argv;
	return 0;
}

<==
[1/2] Compiling [32mbuild/optimized/.conf_check_e56d0852abed0f0e251164ea8715ce35/test.cpp[0m

['/usr/bin/g++', '-std=c++11', '-march=native', '-fstrict-overflow', '-Wstrict-overflow=2', '-std=c++11', '-DNS3_BUILD_PROFILE_OPTIMIZED', '-DHAVE_SYS_IOCTL_H=1', '-DHAVE_IF_NETS_H=1', '-DHAVE_NET_ETHERNET_H=1', '-DHAVE_IF_TUN_H=1', '../test.cpp', '-c', '-o/home/pfoytik/Documents/Blockchain/simulation/ns-allinone-3.29/ns-3.29/build/optimized/.conf_check_e56d0852abed0f0e251164ea8715ce35/testbuild/test.cpp.1.o']
[2/2] Linking [33mbuild/optimized/.conf_check_e56d0852abed0f0e251164ea8715ce35/testbuild/testprog[0m

['/usr/bin/g++', 'test.cpp.1.o', '-o/home/pfoytik/Documents/Blockchain/simulation/ns-allinone-3.29/ns-3.29/build/optimized/.conf_check_e56d0852abed0f0e251164ea8715ce35/testbuild/testprog', '-Wl,-Bstatic', '-Wl,-Bdynamic']
yes
----------------------------------------------------------------
Checking for NSC location
not found
----------------------------------------------------------------
Checking for ''
['mpic++', '-showme']
out: g++ -I/usr/lib/openmpi/include/openmpi/opal/mca/event/libevent2021/libevent -I/usr/lib/openmpi/include/openmpi/opal/mca/event/libevent2021/libevent/include -I/usr/lib/openmpi/include -I/usr/lib/openmpi/include/openmpi -pthread -Wl,-rpath -Wl,/usr/lib/openmpi/lib -Wl,--enable-new-dtags -L/usr/lib/openmpi/lib -lmpi_cxx -lmpi

Unhandled flag 'g++'
yes
----------------------------------------------------------------
Checking for 'sqlite3'
['/usr/bin/pkg-config', '--cflags', '--libs', 'sqlite3']
err: Package sqlite3 was not found in the pkg-config search path.
Perhaps you should add the directory containing `sqlite3.pc'
to the PKG_CONFIG_PATH environment variable
No package 'sqlite3' found

not found
from /home/pfoytik/Documents/Blockchain/simulation/ns-allinone-3.29/ns-3.29/src/stats: The configuration failed
----------------------------------------------------------------
Checking for header linux/if_tun.h
==>
#include <linux/if_tun.h>

int main(int argc, char **argv) {
	(void)argc; (void)argv;
	return 0;
}

<==
[1/2] Compiling [32mbuild/optimized/.conf_check_78b726c6f24f7023049236555f877aaf/test.cpp[0m

['/usr/bin/g++', '-std=c++11', '-march=native', '-fstrict-overflow', '-Wstrict-overflow=2', '-std=c++11', '-DNS3_BUILD_PROFILE_OPTIMIZED', '-DHAVE_SYS_IOCTL_H=1', '-DHAVE_IF_NETS_H=1', '-DHAVE_NET_ETHERNET_H=1', '-DHAVE_PACKET_H=1', '-DHAVE_MPI=1', '../test.cpp', '-c', '-o/home/pfoytik/Documents/Blockchain/simulation/ns-allinone-3.29/ns-3.29/build/optimized/.conf_check_78b726c6f24f7023049236555f877aaf/testbuild/test.cpp.1.o']
[2/2] Linking [33mbuild/optimized/.conf_check_78b726c6f24f7023049236555f877aaf/testbuild/testprog[0m

['/usr/bin/g++', 'test.cpp.1.o', '-o/home/pfoytik/Documents/Blockchain/simulation/ns-allinone-3.29/ns-3.29/build/optimized/.conf_check_78b726c6f24f7023049236555f877aaf/testbuild/testprog', '-Wl,-Bstatic', '-Wl,-Bdynamic']
yes
----------------------------------------------------------------
Checking for program 'sudo'
/usr/bin/sudo
find program=['sudo'] paths=['/home/pfoytik/.nvm/versions/node/v8.1.3/bin', '/home/pfoytik/bin', '/home/pfoytik/.local/bin', '/usr/local/sbin', '/usr/local/bin', '/usr/sbin', '/usr/bin', '/sbin', '/bin', '/usr/games', '/usr/local/games', '/usr/local/go/bin', '/snap/bin'] var='SUDO' -> ['/usr/bin/sudo']
----------------------------------------------------------------
Checking for program 'valgrind'
not found
find program=['valgrind'] paths=['/home/pfoytik/.nvm/versions/node/v8.1.3/bin', '/home/pfoytik/bin', '/home/pfoytik/.local/bin', '/usr/local/sbin', '/usr/local/bin', '/usr/sbin', '/usr/bin', '/sbin', '/bin', '/usr/games', '/usr/local/games', '/usr/local/go/bin', '/snap/bin'] var='VALGRIND' -> None
from /home/pfoytik/Documents/Blockchain/simulation/ns-allinone-3.29/ns-3.29: Could not find the program ['valgrind']
----------------------------------------------------------------
Checking for 'gsl'
['/usr/bin/pkg-config', '--cflags', '--libs', 'gsl']
err: Package gsl was not found in the pkg-config search path.
Perhaps you should add the directory containing `gsl.pc'
to the PKG_CONFIG_PATH environment variable
No package 'gsl' found

not found
from /home/pfoytik/Documents/Blockchain/simulation/ns-allinone-3.29/ns-3.29: The configuration failed
----------------------------------------------------------------
python-config
not found
find program=['libgcrypt-config'] paths=['/home/pfoytik/.nvm/versions/node/v8.1.3/bin', '/home/pfoytik/bin', '/home/pfoytik/.local/bin', '/usr/local/sbin', '/usr/local/bin', '/usr/sbin', '/usr/bin', '/sbin', '/bin', '/usr/games', '/usr/local/games', '/usr/local/go/bin', '/snap/bin'] var='LIBGCRYPT_CONFIG' -> None
from /home/pfoytik/Documents/Blockchain/simulation/ns-allinone-3.29/ns-3.29: Could not find the program ['libgcrypt-config']
----------------------------------------------------------------
Checking for compilation flag -fstrict-aliasing support
==>
int main() { return 0; }
<==
[1/1] Compiling [32mbuild/optimized/.conf_check_f82b6820cab36c039fa3957f8d5b2a14/test.c[0m

['/usr/bin/gcc', '-fstrict-aliasing', '-DNS3_BUILD_PROFILE_OPTIMIZED', '-DHAVE_SYS_IOCTL_H=1', '-DHAVE_IF_NETS_H=1', '-DHAVE_NET_ETHERNET_H=1', '-DHAVE_PACKET_H=1', '-DHAVE_MPI=1', '-DHAVE_IF_TUN_H=1', '../test.c', '-c', '-o/home/pfoytik/Documents/Blockchain/simulation/ns-allinone-3.29/ns-3.29/build/optimized/.conf_check_f82b6820cab36c039fa3957f8d5b2a14/testbuild/test.c.1.o']
ok
----------------------------------------------------------------
Checking for compilation flag -Wstrict-aliasing support
==>
int main() { return 0; }
<==
[1/1] Compiling [32mbuild/optimized/.conf_check_f82b6820cab36c039fa3957f8d5b2a14/test.c[0m

['/usr/bin/gcc', '-Wstrict-aliasing', '-DNS3_BUILD_PROFILE_OPTIMIZED', '-DHAVE_SYS_IOCTL_H=1', '-DHAVE_IF_NETS_H=1', '-DHAVE_NET_ETHERNET_H=1', '-DHAVE_PACKET_H=1', '-DHAVE_MPI=1', '-DHAVE_IF_TUN_H=1', '../test.c', '-c', '-o/home/pfoytik/Documents/Blockchain/simulation/ns-allinone-3.29/ns-3.29/build/optimized/.conf_check_f82b6820cab36c039fa3957f8d5b2a14/testbuild/test.c.1.o']
ok
----------------------------------------------------------------
Checking for program 'doxygen'
not found
find program=['doxygen'] paths=['/home/pfoytik/.nvm/versions/node/v8.1.3/bin', '/home/pfoytik/bin', '/home/pfoytik/.local/bin', '/usr/local/sbin', '/usr/local/bin', '/usr/sbin', '/usr/bin', '/sbin', '/bin', '/usr/games', '/usr/local/games', '/usr/local/go/bin', '/snap/bin'] var='DOXYGEN' -> None
from /home/pfoytik/Documents/Blockchain/simulation/ns-allinone-3.29/ns-3.29: Could not find the program ['doxygen']
